<?xml version="1.0" encoding="UTF-8"?>
<!-- Generated by org.testng.reporters.JUnitXMLReporter -->
<testsuite ignored="0" hostname="Storm_Rider" failures="0" tests="4" name="Test" time="0.051" errors="0" timestamp="2024-11-12T15:14:26 IST">
  <testcase classname="pack2.CreateOrgTest" name="createOrganisationTest" time="0.009"/>
  <testcase classname="pack2.CreateOrgTest" name="modifyOrganisationTest" time="0.001"/>
  <testcase classname="pack1.CreateContactTest" name="createContactTest" time="0.001"/>
  <testcase classname="pack1.CreateContactTest" name="modifyContactTest" time="0.001"/>
</testsuite> <!-- Test -->
