<?xml version="1.0" encoding="UTF-8"?>
<testng-results ignored="0" total="2" passed="2" failed="0" skipped="0">
  <reporter-output>
  </reporter-output>
  <suite started-at="2024-11-12T15:17:40 IST" name="testng_ST" finished-at="2024-11-12T15:17:40 IST" duration-ms="49">
    <groups>
    </groups>
    <test started-at="2024-11-12T15:17:40 IST" name="testng_ST" finished-at="2024-11-12T15:17:40 IST" duration-ms="49">
      <class name="pack2.CreateOrgTest">
        <test-method signature="createOrganisationTest()[pri:0, instance:pack2.CreateOrgTest@3f56875e]" started-at="2024-11-12T15:17:40 IST" name="createOrganisationTest" finished-at="2024-11-12T15:17:40 IST" duration-ms="9" status="PASS">
          <reporter-output>
          </reporter-output>
        </test-method> <!-- createOrganisationTest -->
        <test-method signature="modifyOrganisationTest()[pri:0, instance:pack2.CreateOrgTest@3f56875e]" started-at="2024-11-12T15:17:40 IST" name="modifyOrganisationTest" finished-at="2024-11-12T15:17:40 IST" duration-ms="3" status="PASS">
          <reporter-output>
          </reporter-output>
        </test-method> <!-- modifyOrganisationTest -->
      </class> <!-- pack2.CreateOrgTest -->
    </test> <!-- testng_ST -->
  </suite> <!-- testng_ST -->
</testng-results>
